   0  $accept : program $end

   1  program : definitions

   2  definitions : class definitions
   3              | func definitions
   4              | decl definitions
   5              |

   6  meth_list : methodef meth_list
   7            |

   8  methodef : meth

   9  $$1 :

  10  class : modifier CLASS ID $$1 bodyclass

  11  modifier :
  12           | PUBLIC
  13           | ABSTRACT

  14  fields : field fields
  15         |

  16  field : '@' ID ':' type attrs
  17        | '@' ID ':' type '=' expr attrs

  18  attrs : ',' ID attrs
  19        | ',' ID '=' expr attrs
  20        |

  21  bodyclass : '{' fields meth_list '}'

  22  $$2 :

  23  $$3 :

  24  meth : modifier ID $$2 '(' params ')' RIGHTARROW type $$3 body

  25  $$4 :

  26  $$5 :

  27  func : FUNC ID $$4 '(' params ')' RIGHTARROW type $$5 body

  28  params : formals ID ':' type
  29         |

  30  formals : formals ID ':' type ','
  31          |

  32  type : INT
  33       | REAL
  34       | BOOL
  35       | STR
  36       | ID

  37  body : '{' decls stmts '}'

  38  decls : decl_list decl
  39        |

  40  decl_list : decl_list decl
  41            |

  42  $$6 :

  43  decl : VAR ID ':' type $$6 vars separator

  44  $$7 :

  45  decl : VAR ID ':' type '[' DEC_CONST ']' $$7 vars separator

  46  $$8 :

  47  decl : VAR ID ':' type '=' expr $$8 vars separator

  48  $$9 :

  49  vars : ',' ID $$9 vars

  50  $$10 :

  51  vars : ',' ID '=' expr $$10 vars
  52       |

  53  stmts : stmts stmt
  54        |

  55  singlestmt : assign
  56             | addassign
  57             | subassign
  58             | listedassign
  59             | PRINTLN inline
  60             | READ expr ',' location
  61             | expr

  62  code :

  63  stmt : assign separator
  64       | addassign separator
  65       | subassign separator
  66       | listedassign separator
  67       | RETURN expr separator
  68       | IF code '(' expr ')' stmt

  69  $$11 :

  70  stmt : IF code '(' expr ')' stmt ELSE $$11 stmt
  71       | singlestmt IF expr separator
  72       | singlestmt UNLESS expr separator

  73  $$12 :

  74  stmt : WHILE $$12 '(' expr ')' stmt

  75  $$13 :

  76  stmt : expr TIMES $$13 stmt
  77       | BREAK separator
  78       | block
  79       | PRINTLN inline separator
  80       | READ expr ',' location separator
  81       | expr separator
  82       | separator

  83  separator : ';'

  84  inline : expr ',' inline
  85         | expr

  86  block : '{' stmts '}'

  87  addassign : location ADDASSIGN expr

  88  subassign : location SUBASSIGN expr

  89  assign : location '=' expr
  90         | location '=' assign

  91  listedassign : location ',' nestedassign ',' expr

  92  nestedassign : location ',' nestedassign ',' expr
  93               | location '=' expr

  94  method : ID

  95  location : ID

  96  expr : expr OR logAnd_expr
  97       | logAnd_expr

  98  logAnd_expr : logAnd_expr AND not_expr
  99              | not_expr

 100  not_expr : NOT comp_expr
 101           | comp_expr

 102  comp_expr : add_expr relop add_expr
 103            | add_expr

 104  relop : GE
 105        | '>'
 106        | LE
 107        | '<'
 108        | NE
 109        | EQ

 110  add_expr : add_expr addop term
 111           | term

 112  addop : '+'
 113        | '-'

 114  term : term mulop factor
 115       | factor

 116  mulop : '*'
 117        | '/'
 118        | IDIV
 119        | '%'

 120  factor : incdec
 121         | '(' expr ')'
 122         | location
 123         | DEC_CONST
 124         | REAL_DEC_CONST
 125         | TRUE
 126         | FALSE
 127         | SELF
 128         | method '(' actuals ')'
 129         | ID '.' method '(' actuals ')'
 130         | '-' DEC_CONST
 131         | '-' REAL_DEC_CONST
 132         | LITERAL

 133  incdec : location INC
 134         | INC location
 135         | location DEC
 136         | DEC location

 137  actuals : args expr
 138          |

 139  args : args expr ','
 140       |

state 0
	$accept : . program $end  (0)
	definitions : .  (5)
	modifier : .  (11)

	FUNC  shift 1
	PUBLIC  shift 2
	ABSTRACT  shift 3
	VAR  shift 4
	$end  reduce 5
	CLASS  reduce 11

	program  goto 5
	definitions  goto 6
	class  goto 7
	modifier  goto 8
	func  goto 9
	decl  goto 10


state 1
	func : FUNC . ID $$4 '(' params ')' RIGHTARROW type $$5 body  (27)

	ID  shift 11
	.  error


state 2
	modifier : PUBLIC .  (12)

	.  reduce 12


state 3
	modifier : ABSTRACT .  (13)

	.  reduce 13


state 4
	decl : VAR . ID ':' type $$6 vars separator  (43)
	decl : VAR . ID ':' type '[' DEC_CONST ']' $$7 vars separator  (45)
	decl : VAR . ID ':' type '=' expr $$8 vars separator  (47)

	ID  shift 12
	.  error


state 5
	$accept : program . $end  (0)

	$end  accept


state 6
	program : definitions .  (1)

	.  reduce 1


state 7
	definitions : class . definitions  (2)
	definitions : .  (5)
	modifier : .  (11)

	FUNC  shift 1
	PUBLIC  shift 2
	ABSTRACT  shift 3
	VAR  shift 4
	$end  reduce 5
	CLASS  reduce 11

	definitions  goto 13
	class  goto 7
	modifier  goto 8
	func  goto 9
	decl  goto 10


state 8
	class : modifier . CLASS ID $$1 bodyclass  (10)

	CLASS  shift 14
	.  error


state 9
	definitions : func . definitions  (3)
	definitions : .  (5)
	modifier : .  (11)

	FUNC  shift 1
	PUBLIC  shift 2
	ABSTRACT  shift 3
	VAR  shift 4
	$end  reduce 5
	CLASS  reduce 11

	definitions  goto 15
	class  goto 7
	modifier  goto 8
	func  goto 9
	decl  goto 10


state 10
	definitions : decl . definitions  (4)
	definitions : .  (5)
	modifier : .  (11)

	FUNC  shift 1
	PUBLIC  shift 2
	ABSTRACT  shift 3
	VAR  shift 4
	$end  reduce 5
	CLASS  reduce 11

	definitions  goto 16
	class  goto 7
	modifier  goto 8
	func  goto 9
	decl  goto 10


state 11
	func : FUNC ID . $$4 '(' params ')' RIGHTARROW type $$5 body  (27)
	$$4 : .  (25)

	.  reduce 25

	$$4  goto 17


state 12
	decl : VAR ID . ':' type $$6 vars separator  (43)
	decl : VAR ID . ':' type '[' DEC_CONST ']' $$7 vars separator  (45)
	decl : VAR ID . ':' type '=' expr $$8 vars separator  (47)

	':'  shift 18
	.  error


state 13
	definitions : class definitions .  (2)

	.  reduce 2


state 14
	class : modifier CLASS . ID $$1 bodyclass  (10)

	ID  shift 19
	.  error


state 15
	definitions : func definitions .  (3)

	.  reduce 3


state 16
	definitions : decl definitions .  (4)

	.  reduce 4


state 17
	func : FUNC ID $$4 . '(' params ')' RIGHTARROW type $$5 body  (27)

	'('  shift 20
	.  error


state 18
	decl : VAR ID ':' . type $$6 vars separator  (43)
	decl : VAR ID ':' . type '[' DEC_CONST ']' $$7 vars separator  (45)
	decl : VAR ID ':' . type '=' expr $$8 vars separator  (47)

	INT  shift 21
	REAL  shift 22
	BOOL  shift 23
	STR  shift 24
	ID  shift 25
	.  error

	type  goto 26


state 19
	class : modifier CLASS ID . $$1 bodyclass  (10)
	$$1 : .  (9)

	.  reduce 9

	$$1  goto 27


state 20
	func : FUNC ID $$4 '(' . params ')' RIGHTARROW type $$5 body  (27)
	params : .  (29)
	formals : .  (31)

	')'  reduce 29
	ID  reduce 31

	params  goto 28
	formals  goto 29


state 21
	type : INT .  (32)

	.  reduce 32


state 22
	type : REAL .  (33)

	.  reduce 33


state 23
	type : BOOL .  (34)

	.  reduce 34


state 24
	type : STR .  (35)

	.  reduce 35


state 25
	type : ID .  (36)

	.  reduce 36


state 26
	decl : VAR ID ':' type . $$6 vars separator  (43)
	decl : VAR ID ':' type . '[' DEC_CONST ']' $$7 vars separator  (45)
	decl : VAR ID ':' type . '=' expr $$8 vars separator  (47)
	$$6 : .  (42)

	'='  shift 30
	'['  shift 31
	';'  reduce 42
	','  reduce 42

	$$6  goto 32


state 27
	class : modifier CLASS ID $$1 . bodyclass  (10)

	'{'  shift 33
	.  error

	bodyclass  goto 34


state 28
	func : FUNC ID $$4 '(' params . ')' RIGHTARROW type $$5 body  (27)

	')'  shift 35
	.  error


state 29
	params : formals . ID ':' type  (28)
	formals : formals . ID ':' type ','  (30)

	ID  shift 36
	.  error


state 30
	decl : VAR ID ':' type '=' . expr $$8 vars separator  (47)

	FALSE  shift 37
	TRUE  shift 38
	NOT  shift 39
	SELF  shift 40
	DEC_CONST  shift 41
	LITERAL  shift 42
	REAL_DEC_CONST  shift 43
	'('  shift 44
	'-'  shift 45
	ID  shift 46
	INC  shift 47
	DEC  shift 48
	.  error

	expr  goto 49
	logAnd_expr  goto 50
	not_expr  goto 51
	comp_expr  goto 52
	location  goto 53
	method  goto 54
	add_expr  goto 55
	term  goto 56
	factor  goto 57
	incdec  goto 58


state 31
	decl : VAR ID ':' type '[' . DEC_CONST ']' $$7 vars separator  (45)

	DEC_CONST  shift 59
	.  error


state 32
	decl : VAR ID ':' type $$6 . vars separator  (43)
	vars : .  (52)

	','  shift 60
	';'  reduce 52

	vars  goto 61


state 33
	bodyclass : '{' . fields meth_list '}'  (21)
	fields : .  (15)

	'@'  shift 62
	PUBLIC  reduce 15
	ABSTRACT  reduce 15
	'}'  reduce 15
	ID  reduce 15

	fields  goto 63
	field  goto 64


state 34
	class : modifier CLASS ID $$1 bodyclass .  (10)

	.  reduce 10


state 35
	func : FUNC ID $$4 '(' params ')' . RIGHTARROW type $$5 body  (27)

	RIGHTARROW  shift 65
	.  error


state 36
	params : formals ID . ':' type  (28)
	formals : formals ID . ':' type ','  (30)

	':'  shift 66
	.  error


state 37
	factor : FALSE .  (126)

	.  reduce 126


state 38
	factor : TRUE .  (125)

	.  reduce 125


state 39
	not_expr : NOT . comp_expr  (100)

	FALSE  shift 37
	TRUE  shift 38
	SELF  shift 40
	DEC_CONST  shift 41
	LITERAL  shift 42
	REAL_DEC_CONST  shift 43
	'('  shift 44
	'-'  shift 45
	ID  shift 46
	INC  shift 47
	DEC  shift 48
	.  error

	comp_expr  goto 67
	location  goto 53
	method  goto 54
	add_expr  goto 55
	term  goto 56
	factor  goto 57
	incdec  goto 58


state 40
	factor : SELF .  (127)

	.  reduce 127


state 41
	factor : DEC_CONST .  (123)

	.  reduce 123


state 42
	factor : LITERAL .  (132)

	.  reduce 132


state 43
	factor : REAL_DEC_CONST .  (124)

	.  reduce 124


state 44
	factor : '(' . expr ')'  (121)

	FALSE  shift 37
	TRUE  shift 38
	NOT  shift 39
	SELF  shift 40
	DEC_CONST  shift 41
	LITERAL  shift 42
	REAL_DEC_CONST  shift 43
	'('  shift 44
	'-'  shift 45
	ID  shift 46
	INC  shift 47
	DEC  shift 48
	.  error

	expr  goto 68
	logAnd_expr  goto 50
	not_expr  goto 51
	comp_expr  goto 52
	location  goto 53
	method  goto 54
	add_expr  goto 55
	term  goto 56
	factor  goto 57
	incdec  goto 58


state 45
	factor : '-' . DEC_CONST  (130)
	factor : '-' . REAL_DEC_CONST  (131)

	DEC_CONST  shift 69
	REAL_DEC_CONST  shift 70
	.  error


state 46
	method : ID .  (94)
	location : ID .  (95)
	factor : ID . '.' method '(' actuals ')'  (129)

	'.'  shift 71
	IF  reduce 95
	TIMES  reduce 95
	UNLESS  reduce 95
	AND  reduce 95
	OR  reduce 95
	PUBLIC  reduce 95
	ABSTRACT  reduce 95
	'('  reduce 94
	')'  reduce 95
	'}'  reduce 95
	'*'  reduce 95
	'/'  reduce 95
	'+'  reduce 95
	'-'  reduce 95
	'='  reduce 95
	';'  reduce 95
	','  reduce 95
	IDIV  reduce 95
	GE  reduce 95
	'>'  reduce 95
	LE  reduce 95
	'<'  reduce 95
	NE  reduce 95
	EQ  reduce 95
	ID  reduce 95
	INC  reduce 95
	DEC  reduce 95
	ADDASSIGN  reduce 95
	SUBASSIGN  reduce 95
	'@'  reduce 95
	'%'  reduce 95


state 47
	incdec : INC . location  (134)

	ID  shift 72
	.  error

	location  goto 73


state 48
	incdec : DEC . location  (136)

	ID  shift 72
	.  error

	location  goto 74


state 49
	decl : VAR ID ':' type '=' expr . $$8 vars separator  (47)
	expr : expr . OR logAnd_expr  (96)
	$$8 : .  (46)

	OR  shift 75
	';'  reduce 46
	','  reduce 46

	$$8  goto 76


state 50
	expr : logAnd_expr .  (97)
	logAnd_expr : logAnd_expr . AND not_expr  (98)

	AND  shift 77
	IF  reduce 97
	TIMES  reduce 97
	UNLESS  reduce 97
	OR  reduce 97
	PUBLIC  reduce 97
	ABSTRACT  reduce 97
	')'  reduce 97
	'}'  reduce 97
	';'  reduce 97
	','  reduce 97
	ID  reduce 97
	'@'  reduce 97


state 51
	logAnd_expr : not_expr .  (99)

	.  reduce 99


state 52
	not_expr : comp_expr .  (101)

	.  reduce 101


state 53
	factor : location .  (122)
	incdec : location . INC  (133)
	incdec : location . DEC  (135)

	INC  shift 78
	DEC  shift 79
	IF  reduce 122
	TIMES  reduce 122
	UNLESS  reduce 122
	AND  reduce 122
	OR  reduce 122
	PUBLIC  reduce 122
	ABSTRACT  reduce 122
	')'  reduce 122
	'}'  reduce 122
	'*'  reduce 122
	'/'  reduce 122
	'+'  reduce 122
	'-'  reduce 122
	';'  reduce 122
	','  reduce 122
	IDIV  reduce 122
	GE  reduce 122
	'>'  reduce 122
	LE  reduce 122
	'<'  reduce 122
	NE  reduce 122
	EQ  reduce 122
	ID  reduce 122
	'@'  reduce 122
	'%'  reduce 122


state 54
	factor : method . '(' actuals ')'  (128)

	'('  shift 80
	.  error


state 55
	comp_expr : add_expr . relop add_expr  (102)
	comp_expr : add_expr .  (103)
	add_expr : add_expr . addop term  (110)

	'+'  shift 81
	'-'  shift 82
	GE  shift 83
	'>'  shift 84
	LE  shift 85
	'<'  shift 86
	NE  shift 87
	EQ  shift 88
	IF  reduce 103
	TIMES  reduce 103
	UNLESS  reduce 103
	AND  reduce 103
	OR  reduce 103
	PUBLIC  reduce 103
	ABSTRACT  reduce 103
	')'  reduce 103
	'}'  reduce 103
	';'  reduce 103
	','  reduce 103
	ID  reduce 103
	'@'  reduce 103

	relop  goto 89
	addop  goto 90


state 56
	add_expr : term .  (111)
	term : term . mulop factor  (114)

	'*'  shift 91
	'/'  shift 92
	IDIV  shift 93
	'%'  shift 94
	IF  reduce 111
	TIMES  reduce 111
	UNLESS  reduce 111
	AND  reduce 111
	OR  reduce 111
	PUBLIC  reduce 111
	ABSTRACT  reduce 111
	')'  reduce 111
	'}'  reduce 111
	'+'  reduce 111
	'-'  reduce 111
	';'  reduce 111
	','  reduce 111
	GE  reduce 111
	'>'  reduce 111
	LE  reduce 111
	'<'  reduce 111
	NE  reduce 111
	EQ  reduce 111
	ID  reduce 111
	'@'  reduce 111

	mulop  goto 95


state 57
	term : factor .  (115)

	.  reduce 115


state 58
	factor : incdec .  (120)

	.  reduce 120


state 59
	decl : VAR ID ':' type '[' DEC_CONST . ']' $$7 vars separator  (45)

	']'  shift 96
	.  error


state 60
	vars : ',' . ID $$9 vars  (49)
	vars : ',' . ID '=' expr $$10 vars  (51)

	ID  shift 97
	.  error


state 61
	decl : VAR ID ':' type $$6 vars . separator  (43)

	';'  shift 98
	.  error

	separator  goto 99


state 62
	field : '@' . ID ':' type attrs  (16)
	field : '@' . ID ':' type '=' expr attrs  (17)

	ID  shift 100
	.  error


state 63
	bodyclass : '{' fields . meth_list '}'  (21)
	meth_list : .  (7)
	modifier : .  (11)

	PUBLIC  shift 2
	ABSTRACT  shift 3
	'}'  reduce 7
	ID  reduce 11

	meth_list  goto 101
	modifier  goto 102
	methodef  goto 103
	meth  goto 104


state 64
	fields : field . fields  (14)
	fields : .  (15)

	'@'  shift 62
	PUBLIC  reduce 15
	ABSTRACT  reduce 15
	'}'  reduce 15
	ID  reduce 15

	fields  goto 105
	field  goto 64


state 65
	func : FUNC ID $$4 '(' params ')' RIGHTARROW . type $$5 body  (27)

	INT  shift 21
	REAL  shift 22
	BOOL  shift 23
	STR  shift 24
	ID  shift 25
	.  error

	type  goto 106


state 66
	params : formals ID ':' . type  (28)
	formals : formals ID ':' . type ','  (30)

	INT  shift 21
	REAL  shift 22
	BOOL  shift 23
	STR  shift 24
	ID  shift 25
	.  error

	type  goto 107


state 67
	not_expr : NOT comp_expr .  (100)

	.  reduce 100


state 68
	expr : expr . OR logAnd_expr  (96)
	factor : '(' expr . ')'  (121)

	OR  shift 75
	')'  shift 108
	.  error


state 69
	factor : '-' DEC_CONST .  (130)

	.  reduce 130


state 70
	factor : '-' REAL_DEC_CONST .  (131)

	.  reduce 131


state 71
	factor : ID '.' . method '(' actuals ')'  (129)

	ID  shift 109
	.  error

	method  goto 110


state 72
	location : ID .  (95)

	.  reduce 95


state 73
	incdec : INC location .  (134)

	.  reduce 134


state 74
	incdec : DEC location .  (136)

	.  reduce 136


state 75
	expr : expr OR . logAnd_expr  (96)

	FALSE  shift 37
	TRUE  shift 38
	NOT  shift 39
	SELF  shift 40
	DEC_CONST  shift 41
	LITERAL  shift 42
	REAL_DEC_CONST  shift 43
	'('  shift 44
	'-'  shift 45
	ID  shift 46
	INC  shift 47
	DEC  shift 48
	.  error

	logAnd_expr  goto 111
	not_expr  goto 51
	comp_expr  goto 52
	location  goto 53
	method  goto 54
	add_expr  goto 55
	term  goto 56
	factor  goto 57
	incdec  goto 58


state 76
	decl : VAR ID ':' type '=' expr $$8 . vars separator  (47)
	vars : .  (52)

	','  shift 60
	';'  reduce 52

	vars  goto 112


state 77
	logAnd_expr : logAnd_expr AND . not_expr  (98)

	FALSE  shift 37
	TRUE  shift 38
	NOT  shift 39
	SELF  shift 40
	DEC_CONST  shift 41
	LITERAL  shift 42
	REAL_DEC_CONST  shift 43
	'('  shift 44
	'-'  shift 45
	ID  shift 46
	INC  shift 47
	DEC  shift 48
	.  error

	not_expr  goto 113
	comp_expr  goto 52
	location  goto 53
	method  goto 54
	add_expr  goto 55
	term  goto 56
	factor  goto 57
	incdec  goto 58


state 78
	incdec : location INC .  (133)

	.  reduce 133


state 79
	incdec : location DEC .  (135)

	.  reduce 135


state 80
	factor : method '(' . actuals ')'  (128)
	actuals : .  (138)
	args : .  (140)

	FALSE  reduce 140
	TRUE  reduce 140
	NOT  reduce 140
	SELF  reduce 140
	DEC_CONST  reduce 140
	LITERAL  reduce 140
	REAL_DEC_CONST  reduce 140
	'('  reduce 140
	')'  reduce 138
	'-'  reduce 140
	ID  reduce 140
	INC  reduce 140
	DEC  reduce 140

	actuals  goto 114
	args  goto 115


state 81
	addop : '+' .  (112)

	.  reduce 112


state 82
	addop : '-' .  (113)

	.  reduce 113


state 83
	relop : GE .  (104)

	.  reduce 104


state 84
	relop : '>' .  (105)

	.  reduce 105


state 85
	relop : LE .  (106)

	.  reduce 106


state 86
	relop : '<' .  (107)

	.  reduce 107


state 87
	relop : NE .  (108)

	.  reduce 108


state 88
	relop : EQ .  (109)

	.  reduce 109


state 89
	comp_expr : add_expr relop . add_expr  (102)

	FALSE  shift 37
	TRUE  shift 38
	SELF  shift 40
	DEC_CONST  shift 41
	LITERAL  shift 42
	REAL_DEC_CONST  shift 43
	'('  shift 44
	'-'  shift 45
	ID  shift 46
	INC  shift 47
	DEC  shift 48
	.  error

	location  goto 53
	method  goto 54
	add_expr  goto 116
	term  goto 56
	factor  goto 57
	incdec  goto 58


state 90
	add_expr : add_expr addop . term  (110)

	FALSE  shift 37
	TRUE  shift 38
	SELF  shift 40
	DEC_CONST  shift 41
	LITERAL  shift 42
	REAL_DEC_CONST  shift 43
	'('  shift 44
	'-'  shift 45
	ID  shift 46
	INC  shift 47
	DEC  shift 48
	.  error

	location  goto 53
	method  goto 54
	term  goto 117
	factor  goto 57
	incdec  goto 58


state 91
	mulop : '*' .  (116)

	.  reduce 116


state 92
	mulop : '/' .  (117)

	.  reduce 117


state 93
	mulop : IDIV .  (118)

	.  reduce 118


state 94
	mulop : '%' .  (119)

	.  reduce 119


state 95
	term : term mulop . factor  (114)

	FALSE  shift 37
	TRUE  shift 38
	SELF  shift 40
	DEC_CONST  shift 41
	LITERAL  shift 42
	REAL_DEC_CONST  shift 43
	'('  shift 44
	'-'  shift 45
	ID  shift 46
	INC  shift 47
	DEC  shift 48
	.  error

	location  goto 53
	method  goto 54
	factor  goto 118
	incdec  goto 58


state 96
	decl : VAR ID ':' type '[' DEC_CONST ']' . $$7 vars separator  (45)
	$$7 : .  (44)

	.  reduce 44

	$$7  goto 119


state 97
	vars : ',' ID . $$9 vars  (49)
	vars : ',' ID . '=' expr $$10 vars  (51)
	$$9 : .  (48)

	'='  shift 120
	';'  reduce 48
	','  reduce 48

	$$9  goto 121


state 98
	separator : ';' .  (83)

	.  reduce 83


state 99
	decl : VAR ID ':' type $$6 vars separator .  (43)

	.  reduce 43


state 100
	field : '@' ID . ':' type attrs  (16)
	field : '@' ID . ':' type '=' expr attrs  (17)

	':'  shift 122
	.  error


state 101
	bodyclass : '{' fields meth_list . '}'  (21)

	'}'  shift 123
	.  error


state 102
	meth : modifier . ID $$2 '(' params ')' RIGHTARROW type $$3 body  (24)

	ID  shift 124
	.  error


state 103
	meth_list : methodef . meth_list  (6)
	meth_list : .  (7)
	modifier : .  (11)

	PUBLIC  shift 2
	ABSTRACT  shift 3
	'}'  reduce 7
	ID  reduce 11

	meth_list  goto 125
	modifier  goto 102
	methodef  goto 103
	meth  goto 104


state 104
	methodef : meth .  (8)

	.  reduce 8


state 105
	fields : field fields .  (14)

	.  reduce 14


state 106
	func : FUNC ID $$4 '(' params ')' RIGHTARROW type . $$5 body  (27)
	$$5 : .  (26)

	.  reduce 26

	$$5  goto 126


state 107
	params : formals ID ':' type .  (28)
	formals : formals ID ':' type . ','  (30)

	','  shift 127
	')'  reduce 28


state 108
	factor : '(' expr ')' .  (121)

	.  reduce 121


state 109
	method : ID .  (94)

	.  reduce 94


state 110
	factor : ID '.' method . '(' actuals ')'  (129)

	'('  shift 128
	.  error


state 111
	expr : expr OR logAnd_expr .  (96)
	logAnd_expr : logAnd_expr . AND not_expr  (98)

	AND  shift 77
	IF  reduce 96
	TIMES  reduce 96
	UNLESS  reduce 96
	OR  reduce 96
	PUBLIC  reduce 96
	ABSTRACT  reduce 96
	')'  reduce 96
	'}'  reduce 96
	';'  reduce 96
	','  reduce 96
	ID  reduce 96
	'@'  reduce 96


state 112
	decl : VAR ID ':' type '=' expr $$8 vars . separator  (47)

	';'  shift 98
	.  error

	separator  goto 129


state 113
	logAnd_expr : logAnd_expr AND not_expr .  (98)

	.  reduce 98


state 114
	factor : method '(' actuals . ')'  (128)

	')'  shift 130
	.  error


state 115
	actuals : args . expr  (137)
	args : args . expr ','  (139)

	FALSE  shift 37
	TRUE  shift 38
	NOT  shift 39
	SELF  shift 40
	DEC_CONST  shift 41
	LITERAL  shift 42
	REAL_DEC_CONST  shift 43
	'('  shift 44
	'-'  shift 45
	ID  shift 46
	INC  shift 47
	DEC  shift 48
	.  error

	expr  goto 131
	logAnd_expr  goto 50
	not_expr  goto 51
	comp_expr  goto 52
	location  goto 53
	method  goto 54
	add_expr  goto 55
	term  goto 56
	factor  goto 57
	incdec  goto 58


state 116
	comp_expr : add_expr relop add_expr .  (102)
	add_expr : add_expr . addop term  (110)

	'+'  shift 81
	'-'  shift 82
	IF  reduce 102
	TIMES  reduce 102
	UNLESS  reduce 102
	AND  reduce 102
	OR  reduce 102
	PUBLIC  reduce 102
	ABSTRACT  reduce 102
	')'  reduce 102
	'}'  reduce 102
	';'  reduce 102
	','  reduce 102
	ID  reduce 102
	'@'  reduce 102

	addop  goto 90


state 117
	add_expr : add_expr addop term .  (110)
	term : term . mulop factor  (114)

	'*'  shift 91
	'/'  shift 92
	IDIV  shift 93
	'%'  shift 94
	IF  reduce 110
	TIMES  reduce 110
	UNLESS  reduce 110
	AND  reduce 110
	OR  reduce 110
	PUBLIC  reduce 110
	ABSTRACT  reduce 110
	')'  reduce 110
	'}'  reduce 110
	'+'  reduce 110
	'-'  reduce 110
	';'  reduce 110
	','  reduce 110
	GE  reduce 110
	'>'  reduce 110
	LE  reduce 110
	'<'  reduce 110
	NE  reduce 110
	EQ  reduce 110
	ID  reduce 110
	'@'  reduce 110

	mulop  goto 95


state 118
	term : term mulop factor .  (114)

	.  reduce 114


state 119
	decl : VAR ID ':' type '[' DEC_CONST ']' $$7 . vars separator  (45)
	vars : .  (52)

	','  shift 60
	';'  reduce 52

	vars  goto 132


state 120
	vars : ',' ID '=' . expr $$10 vars  (51)

	FALSE  shift 37
	TRUE  shift 38
	NOT  shift 39
	SELF  shift 40
	DEC_CONST  shift 41
	LITERAL  shift 42
	REAL_DEC_CONST  shift 43
	'('  shift 44
	'-'  shift 45
	ID  shift 46
	INC  shift 47
	DEC  shift 48
	.  error

	expr  goto 133
	logAnd_expr  goto 50
	not_expr  goto 51
	comp_expr  goto 52
	location  goto 53
	method  goto 54
	add_expr  goto 55
	term  goto 56
	factor  goto 57
	incdec  goto 58


state 121
	vars : ',' ID $$9 . vars  (49)
	vars : .  (52)

	','  shift 60
	';'  reduce 52

	vars  goto 134


state 122
	field : '@' ID ':' . type attrs  (16)
	field : '@' ID ':' . type '=' expr attrs  (17)

	INT  shift 21
	REAL  shift 22
	BOOL  shift 23
	STR  shift 24
	ID  shift 25
	.  error

	type  goto 135


state 123
	bodyclass : '{' fields meth_list '}' .  (21)

	.  reduce 21


state 124
	meth : modifier ID . $$2 '(' params ')' RIGHTARROW type $$3 body  (24)
	$$2 : .  (22)

	.  reduce 22

	$$2  goto 136


state 125
	meth_list : methodef meth_list .  (6)

	.  reduce 6


state 126
	func : FUNC ID $$4 '(' params ')' RIGHTARROW type $$5 . body  (27)

	'{'  shift 137
	.  error

	body  goto 138


state 127
	formals : formals ID ':' type ',' .  (30)

	.  reduce 30


state 128
	factor : ID '.' method '(' . actuals ')'  (129)
	actuals : .  (138)
	args : .  (140)

	FALSE  reduce 140
	TRUE  reduce 140
	NOT  reduce 140
	SELF  reduce 140
	DEC_CONST  reduce 140
	LITERAL  reduce 140
	REAL_DEC_CONST  reduce 140
	'('  reduce 140
	')'  reduce 138
	'-'  reduce 140
	ID  reduce 140
	INC  reduce 140
	DEC  reduce 140

	actuals  goto 139
	args  goto 115


state 129
	decl : VAR ID ':' type '=' expr $$8 vars separator .  (47)

	.  reduce 47


state 130
	factor : method '(' actuals ')' .  (128)

	.  reduce 128


state 131
	expr : expr . OR logAnd_expr  (96)
	actuals : args expr .  (137)
	args : args expr . ','  (139)

	OR  shift 75
	','  shift 140
	')'  reduce 137


state 132
	decl : VAR ID ':' type '[' DEC_CONST ']' $$7 vars . separator  (45)

	';'  shift 98
	.  error

	separator  goto 141


state 133
	vars : ',' ID '=' expr . $$10 vars  (51)
	expr : expr . OR logAnd_expr  (96)
	$$10 : .  (50)

	OR  shift 75
	';'  reduce 50
	','  reduce 50

	$$10  goto 142


state 134
	vars : ',' ID $$9 vars .  (49)

	.  reduce 49


state 135
	field : '@' ID ':' type . attrs  (16)
	field : '@' ID ':' type . '=' expr attrs  (17)
	attrs : .  (20)

	'='  shift 143
	','  shift 144
	PUBLIC  reduce 20
	ABSTRACT  reduce 20
	'}'  reduce 20
	ID  reduce 20
	'@'  reduce 20

	attrs  goto 145


state 136
	meth : modifier ID $$2 . '(' params ')' RIGHTARROW type $$3 body  (24)

	'('  shift 146
	.  error


state 137
	body : '{' . decls stmts '}'  (37)
	decls : .  (39)
	decl_list : .  (41)

	FALSE  reduce 39
	TRUE  reduce 39
	RETURN  reduce 39
	IF  reduce 39
	WHILE  reduce 39
	BREAK  reduce 39
	READ  reduce 39
	PRINTLN  reduce 39
	NOT  reduce 39
	VAR  reduce 41
	SELF  reduce 39
	DEC_CONST  reduce 39
	LITERAL  reduce 39
	REAL_DEC_CONST  reduce 39
	'('  reduce 39
	'{'  reduce 39
	'}'  reduce 39
	'-'  reduce 39
	';'  reduce 39
	ID  reduce 39
	INC  reduce 39
	DEC  reduce 39

	decls  goto 147
	decl_list  goto 148


state 138
	func : FUNC ID $$4 '(' params ')' RIGHTARROW type $$5 body .  (27)

	.  reduce 27


state 139
	factor : ID '.' method '(' actuals . ')'  (129)

	')'  shift 149
	.  error


state 140
	args : args expr ',' .  (139)

	.  reduce 139


state 141
	decl : VAR ID ':' type '[' DEC_CONST ']' $$7 vars separator .  (45)

	.  reduce 45


state 142
	vars : ',' ID '=' expr $$10 . vars  (51)
	vars : .  (52)

	','  shift 60
	';'  reduce 52

	vars  goto 150


state 143
	field : '@' ID ':' type '=' . expr attrs  (17)

	FALSE  shift 37
	TRUE  shift 38
	NOT  shift 39
	SELF  shift 40
	DEC_CONST  shift 41
	LITERAL  shift 42
	REAL_DEC_CONST  shift 43
	'('  shift 44
	'-'  shift 45
	ID  shift 46
	INC  shift 47
	DEC  shift 48
	.  error

	expr  goto 151
	logAnd_expr  goto 50
	not_expr  goto 51
	comp_expr  goto 52
	location  goto 53
	method  goto 54
	add_expr  goto 55
	term  goto 56
	factor  goto 57
	incdec  goto 58


state 144
	attrs : ',' . ID attrs  (18)
	attrs : ',' . ID '=' expr attrs  (19)

	ID  shift 152
	.  error


state 145
	field : '@' ID ':' type attrs .  (16)

	.  reduce 16


state 146
	meth : modifier ID $$2 '(' . params ')' RIGHTARROW type $$3 body  (24)
	params : .  (29)
	formals : .  (31)

	')'  reduce 29
	ID  reduce 31

	params  goto 153
	formals  goto 29


state 147
	body : '{' decls . stmts '}'  (37)
	stmts : .  (54)

	.  reduce 54

	stmts  goto 154


state 148
	decls : decl_list . decl  (38)
	decl_list : decl_list . decl  (40)

	VAR  shift 4
	.  error

	decl  goto 155


state 149
	factor : ID '.' method '(' actuals ')' .  (129)

	.  reduce 129


state 150
	vars : ',' ID '=' expr $$10 vars .  (51)

	.  reduce 51


state 151
	field : '@' ID ':' type '=' expr . attrs  (17)
	expr : expr . OR logAnd_expr  (96)
	attrs : .  (20)

	OR  shift 75
	','  shift 144
	PUBLIC  reduce 20
	ABSTRACT  reduce 20
	'}'  reduce 20
	ID  reduce 20
	'@'  reduce 20

	attrs  goto 156


state 152
	attrs : ',' ID . attrs  (18)
	attrs : ',' ID . '=' expr attrs  (19)
	attrs : .  (20)

	'='  shift 157
	','  shift 144
	PUBLIC  reduce 20
	ABSTRACT  reduce 20
	'}'  reduce 20
	ID  reduce 20
	'@'  reduce 20

	attrs  goto 158


state 153
	meth : modifier ID $$2 '(' params . ')' RIGHTARROW type $$3 body  (24)

	')'  shift 159
	.  error


state 154
	body : '{' decls stmts . '}'  (37)
	stmts : stmts . stmt  (53)

	FALSE  shift 37
	TRUE  shift 38
	RETURN  shift 160
	IF  shift 161
	WHILE  shift 162
	BREAK  shift 163
	READ  shift 164
	PRINTLN  shift 165
	NOT  shift 39
	SELF  shift 40
	DEC_CONST  shift 41
	LITERAL  shift 42
	REAL_DEC_CONST  shift 43
	'('  shift 44
	'{'  shift 166
	'}'  shift 167
	'-'  shift 45
	';'  shift 98
	ID  shift 46
	INC  shift 47
	DEC  shift 48
	.  error

	stmt  goto 168
	block  goto 169
	singlestmt  goto 170
	separator  goto 171
	expr  goto 172
	logAnd_expr  goto 50
	not_expr  goto 51
	comp_expr  goto 52
	addassign  goto 173
	subassign  goto 174
	assign  goto 175
	location  goto 176
	method  goto 54
	listedassign  goto 177
	add_expr  goto 55
	term  goto 56
	factor  goto 57
	incdec  goto 58


state 155
	decls : decl_list decl .  (38)
	decl_list : decl_list decl .  (40)

	FALSE  reduce 38
	TRUE  reduce 38
	RETURN  reduce 38
	IF  reduce 38
	WHILE  reduce 38
	BREAK  reduce 38
	READ  reduce 38
	PRINTLN  reduce 38
	NOT  reduce 38
	VAR  reduce 40
	SELF  reduce 38
	DEC_CONST  reduce 38
	LITERAL  reduce 38
	REAL_DEC_CONST  reduce 38
	'('  reduce 38
	'{'  reduce 38
	'}'  reduce 38
	'-'  reduce 38
	';'  reduce 38
	ID  reduce 38
	INC  reduce 38
	DEC  reduce 38


state 156
	field : '@' ID ':' type '=' expr attrs .  (17)

	.  reduce 17


state 157
	attrs : ',' ID '=' . expr attrs  (19)

	FALSE  shift 37
	TRUE  shift 38
	NOT  shift 39
	SELF  shift 40
	DEC_CONST  shift 41
	LITERAL  shift 42
	REAL_DEC_CONST  shift 43
	'('  shift 44
	'-'  shift 45
	ID  shift 46
	INC  shift 47
	DEC  shift 48
	.  error

	expr  goto 178
	logAnd_expr  goto 50
	not_expr  goto 51
	comp_expr  goto 52
	location  goto 53
	method  goto 54
	add_expr  goto 55
	term  goto 56
	factor  goto 57
	incdec  goto 58


state 158
	attrs : ',' ID attrs .  (18)

	.  reduce 18


state 159
	meth : modifier ID $$2 '(' params ')' . RIGHTARROW type $$3 body  (24)

	RIGHTARROW  shift 179
	.  error


state 160
	stmt : RETURN . expr separator  (67)

	FALSE  shift 37
	TRUE  shift 38
	NOT  shift 39
	SELF  shift 40
	DEC_CONST  shift 41
	LITERAL  shift 42
	REAL_DEC_CONST  shift 43
	'('  shift 44
	'-'  shift 45
	ID  shift 46
	INC  shift 47
	DEC  shift 48
	.  error

	expr  goto 180
	logAnd_expr  goto 50
	not_expr  goto 51
	comp_expr  goto 52
	location  goto 53
	method  goto 54
	add_expr  goto 55
	term  goto 56
	factor  goto 57
	incdec  goto 58


state 161
	stmt : IF . code '(' expr ')' stmt  (68)
	stmt : IF . code '(' expr ')' stmt ELSE $$11 stmt  (70)
	code : .  (62)

	.  reduce 62

	code  goto 181


state 162
	stmt : WHILE . $$12 '(' expr ')' stmt  (74)
	$$12 : .  (73)

	.  reduce 73

	$$12  goto 182


state 163
	stmt : BREAK . separator  (77)

	';'  shift 98
	.  error

	separator  goto 183


state 164
	singlestmt : READ . expr ',' location  (60)
	stmt : READ . expr ',' location separator  (80)

	FALSE  shift 37
	TRUE  shift 38
	NOT  shift 39
	SELF  shift 40
	DEC_CONST  shift 41
	LITERAL  shift 42
	REAL_DEC_CONST  shift 43
	'('  shift 44
	'-'  shift 45
	ID  shift 46
	INC  shift 47
	DEC  shift 48
	.  error

	expr  goto 184
	logAnd_expr  goto 50
	not_expr  goto 51
	comp_expr  goto 52
	location  goto 53
	method  goto 54
	add_expr  goto 55
	term  goto 56
	factor  goto 57
	incdec  goto 58


state 165
	singlestmt : PRINTLN . inline  (59)
	stmt : PRINTLN . inline separator  (79)

	FALSE  shift 37
	TRUE  shift 38
	NOT  shift 39
	SELF  shift 40
	DEC_CONST  shift 41
	LITERAL  shift 42
	REAL_DEC_CONST  shift 43
	'('  shift 44
	'-'  shift 45
	ID  shift 46
	INC  shift 47
	DEC  shift 48
	.  error

	inline  goto 185
	expr  goto 186
	logAnd_expr  goto 50
	not_expr  goto 51
	comp_expr  goto 52
	location  goto 53
	method  goto 54
	add_expr  goto 55
	term  goto 56
	factor  goto 57
	incdec  goto 58


state 166
	block : '{' . stmts '}'  (86)
	stmts : .  (54)

	.  reduce 54

	stmts  goto 187


state 167
	body : '{' decls stmts '}' .  (37)

	.  reduce 37


state 168
	stmts : stmts stmt .  (53)

	.  reduce 53


state 169
	stmt : block .  (78)

	.  reduce 78


state 170
	stmt : singlestmt . IF expr separator  (71)
	stmt : singlestmt . UNLESS expr separator  (72)

	IF  shift 188
	UNLESS  shift 189
	.  error


state 171
	stmt : separator .  (82)

	.  reduce 82


state 172
	singlestmt : expr .  (61)
	stmt : expr . TIMES $$13 stmt  (76)
	stmt : expr . separator  (81)
	expr : expr . OR logAnd_expr  (96)

	TIMES  shift 190
	OR  shift 75
	';'  shift 98
	IF  reduce 61
	UNLESS  reduce 61

	separator  goto 191


state 173
	singlestmt : addassign .  (56)
	stmt : addassign . separator  (64)

	';'  shift 98
	IF  reduce 56
	UNLESS  reduce 56

	separator  goto 192


state 174
	singlestmt : subassign .  (57)
	stmt : subassign . separator  (65)

	';'  shift 98
	IF  reduce 57
	UNLESS  reduce 57

	separator  goto 193


state 175
	singlestmt : assign .  (55)
	stmt : assign . separator  (63)

	';'  shift 98
	IF  reduce 55
	UNLESS  reduce 55

	separator  goto 194


state 176
	addassign : location . ADDASSIGN expr  (87)
	subassign : location . SUBASSIGN expr  (88)
	assign : location . '=' expr  (89)
	assign : location . '=' assign  (90)
	listedassign : location . ',' nestedassign ',' expr  (91)
	factor : location .  (122)
	incdec : location . INC  (133)
	incdec : location . DEC  (135)

	'='  shift 195
	','  shift 196
	INC  shift 78
	DEC  shift 79
	ADDASSIGN  shift 197
	SUBASSIGN  shift 198
	IF  reduce 122
	TIMES  reduce 122
	UNLESS  reduce 122
	AND  reduce 122
	OR  reduce 122
	'*'  reduce 122
	'/'  reduce 122
	'+'  reduce 122
	'-'  reduce 122
	';'  reduce 122
	IDIV  reduce 122
	GE  reduce 122
	'>'  reduce 122
	LE  reduce 122
	'<'  reduce 122
	NE  reduce 122
	EQ  reduce 122
	'%'  reduce 122


state 177
	singlestmt : listedassign .  (58)
	stmt : listedassign . separator  (66)

	';'  shift 98
	IF  reduce 58
	UNLESS  reduce 58

	separator  goto 199


state 178
	attrs : ',' ID '=' expr . attrs  (19)
	expr : expr . OR logAnd_expr  (96)
	attrs : .  (20)

	OR  shift 75
	','  shift 144
	PUBLIC  reduce 20
	ABSTRACT  reduce 20
	'}'  reduce 20
	ID  reduce 20
	'@'  reduce 20

	attrs  goto 200


state 179
	meth : modifier ID $$2 '(' params ')' RIGHTARROW . type $$3 body  (24)

	INT  shift 21
	REAL  shift 22
	BOOL  shift 23
	STR  shift 24
	ID  shift 25
	.  error

	type  goto 201


state 180
	stmt : RETURN expr . separator  (67)
	expr : expr . OR logAnd_expr  (96)

	OR  shift 75
	';'  shift 98
	.  error

	separator  goto 202


state 181
	stmt : IF code . '(' expr ')' stmt  (68)
	stmt : IF code . '(' expr ')' stmt ELSE $$11 stmt  (70)

	'('  shift 203
	.  error


state 182
	stmt : WHILE $$12 . '(' expr ')' stmt  (74)

	'('  shift 204
	.  error


state 183
	stmt : BREAK separator .  (77)

	.  reduce 77


state 184
	singlestmt : READ expr . ',' location  (60)
	stmt : READ expr . ',' location separator  (80)
	expr : expr . OR logAnd_expr  (96)

	OR  shift 75
	','  shift 205
	.  error


state 185
	singlestmt : PRINTLN inline .  (59)
	stmt : PRINTLN inline . separator  (79)

	';'  shift 98
	IF  reduce 59
	UNLESS  reduce 59

	separator  goto 206


state 186
	inline : expr . ',' inline  (84)
	inline : expr .  (85)
	expr : expr . OR logAnd_expr  (96)

	OR  shift 75
	','  shift 207
	IF  reduce 85
	UNLESS  reduce 85
	';'  reduce 85


state 187
	stmts : stmts . stmt  (53)
	block : '{' stmts . '}'  (86)

	FALSE  shift 37
	TRUE  shift 38
	RETURN  shift 160
	IF  shift 161
	WHILE  shift 162
	BREAK  shift 163
	READ  shift 164
	PRINTLN  shift 165
	NOT  shift 39
	SELF  shift 40
	DEC_CONST  shift 41
	LITERAL  shift 42
	REAL_DEC_CONST  shift 43
	'('  shift 44
	'{'  shift 166
	'}'  shift 208
	'-'  shift 45
	';'  shift 98
	ID  shift 46
	INC  shift 47
	DEC  shift 48
	.  error

	stmt  goto 168
	block  goto 169
	singlestmt  goto 170
	separator  goto 171
	expr  goto 172
	logAnd_expr  goto 50
	not_expr  goto 51
	comp_expr  goto 52
	addassign  goto 173
	subassign  goto 174
	assign  goto 175
	location  goto 176
	method  goto 54
	listedassign  goto 177
	add_expr  goto 55
	term  goto 56
	factor  goto 57
	incdec  goto 58


state 188
	stmt : singlestmt IF . expr separator  (71)

	FALSE  shift 37
	TRUE  shift 38
	NOT  shift 39
	SELF  shift 40
	DEC_CONST  shift 41
	LITERAL  shift 42
	REAL_DEC_CONST  shift 43
	'('  shift 44
	'-'  shift 45
	ID  shift 46
	INC  shift 47
	DEC  shift 48
	.  error

	expr  goto 209
	logAnd_expr  goto 50
	not_expr  goto 51
	comp_expr  goto 52
	location  goto 53
	method  goto 54
	add_expr  goto 55
	term  goto 56
	factor  goto 57
	incdec  goto 58


state 189
	stmt : singlestmt UNLESS . expr separator  (72)

	FALSE  shift 37
	TRUE  shift 38
	NOT  shift 39
	SELF  shift 40
	DEC_CONST  shift 41
	LITERAL  shift 42
	REAL_DEC_CONST  shift 43
	'('  shift 44
	'-'  shift 45
	ID  shift 46
	INC  shift 47
	DEC  shift 48
	.  error

	expr  goto 210
	logAnd_expr  goto 50
	not_expr  goto 51
	comp_expr  goto 52
	location  goto 53
	method  goto 54
	add_expr  goto 55
	term  goto 56
	factor  goto 57
	incdec  goto 58


state 190
	stmt : expr TIMES . $$13 stmt  (76)
	$$13 : .  (75)

	.  reduce 75

	$$13  goto 211


state 191
	stmt : expr separator .  (81)

	.  reduce 81


state 192
	stmt : addassign separator .  (64)

	.  reduce 64


state 193
	stmt : subassign separator .  (65)

	.  reduce 65


state 194
	stmt : assign separator .  (63)

	.  reduce 63


state 195
	assign : location '=' . expr  (89)
	assign : location '=' . assign  (90)

	FALSE  shift 37
	TRUE  shift 38
	NOT  shift 39
	SELF  shift 40
	DEC_CONST  shift 41
	LITERAL  shift 42
	REAL_DEC_CONST  shift 43
	'('  shift 44
	'-'  shift 45
	ID  shift 46
	INC  shift 47
	DEC  shift 48
	.  error

	expr  goto 212
	logAnd_expr  goto 50
	not_expr  goto 51
	comp_expr  goto 52
	assign  goto 213
	location  goto 214
	method  goto 54
	add_expr  goto 55
	term  goto 56
	factor  goto 57
	incdec  goto 58


state 196
	listedassign : location ',' . nestedassign ',' expr  (91)

	ID  shift 72
	.  error

	location  goto 215
	nestedassign  goto 216


state 197
	addassign : location ADDASSIGN . expr  (87)

	FALSE  shift 37
	TRUE  shift 38
	NOT  shift 39
	SELF  shift 40
	DEC_CONST  shift 41
	LITERAL  shift 42
	REAL_DEC_CONST  shift 43
	'('  shift 44
	'-'  shift 45
	ID  shift 46
	INC  shift 47
	DEC  shift 48
	.  error

	expr  goto 217
	logAnd_expr  goto 50
	not_expr  goto 51
	comp_expr  goto 52
	location  goto 53
	method  goto 54
	add_expr  goto 55
	term  goto 56
	factor  goto 57
	incdec  goto 58


state 198
	subassign : location SUBASSIGN . expr  (88)

	FALSE  shift 37
	TRUE  shift 38
	NOT  shift 39
	SELF  shift 40
	DEC_CONST  shift 41
	LITERAL  shift 42
	REAL_DEC_CONST  shift 43
	'('  shift 44
	'-'  shift 45
	ID  shift 46
	INC  shift 47
	DEC  shift 48
	.  error

	expr  goto 218
	logAnd_expr  goto 50
	not_expr  goto 51
	comp_expr  goto 52
	location  goto 53
	method  goto 54
	add_expr  goto 55
	term  goto 56
	factor  goto 57
	incdec  goto 58


state 199
	stmt : listedassign separator .  (66)

	.  reduce 66


state 200
	attrs : ',' ID '=' expr attrs .  (19)

	.  reduce 19


state 201
	meth : modifier ID $$2 '(' params ')' RIGHTARROW type . $$3 body  (24)
	$$3 : .  (23)

	.  reduce 23

	$$3  goto 219


state 202
	stmt : RETURN expr separator .  (67)

	.  reduce 67


state 203
	stmt : IF code '(' . expr ')' stmt  (68)
	stmt : IF code '(' . expr ')' stmt ELSE $$11 stmt  (70)

	FALSE  shift 37
	TRUE  shift 38
	NOT  shift 39
	SELF  shift 40
	DEC_CONST  shift 41
	LITERAL  shift 42
	REAL_DEC_CONST  shift 43
	'('  shift 44
	'-'  shift 45
	ID  shift 46
	INC  shift 47
	DEC  shift 48
	.  error

	expr  goto 220
	logAnd_expr  goto 50
	not_expr  goto 51
	comp_expr  goto 52
	location  goto 53
	method  goto 54
	add_expr  goto 55
	term  goto 56
	factor  goto 57
	incdec  goto 58


state 204
	stmt : WHILE $$12 '(' . expr ')' stmt  (74)

	FALSE  shift 37
	TRUE  shift 38
	NOT  shift 39
	SELF  shift 40
	DEC_CONST  shift 41
	LITERAL  shift 42
	REAL_DEC_CONST  shift 43
	'('  shift 44
	'-'  shift 45
	ID  shift 46
	INC  shift 47
	DEC  shift 48
	.  error

	expr  goto 221
	logAnd_expr  goto 50
	not_expr  goto 51
	comp_expr  goto 52
	location  goto 53
	method  goto 54
	add_expr  goto 55
	term  goto 56
	factor  goto 57
	incdec  goto 58


state 205
	singlestmt : READ expr ',' . location  (60)
	stmt : READ expr ',' . location separator  (80)

	ID  shift 72
	.  error

	location  goto 222


state 206
	stmt : PRINTLN inline separator .  (79)

	.  reduce 79


state 207
	inline : expr ',' . inline  (84)

	FALSE  shift 37
	TRUE  shift 38
	NOT  shift 39
	SELF  shift 40
	DEC_CONST  shift 41
	LITERAL  shift 42
	REAL_DEC_CONST  shift 43
	'('  shift 44
	'-'  shift 45
	ID  shift 46
	INC  shift 47
	DEC  shift 48
	.  error

	inline  goto 223
	expr  goto 186
	logAnd_expr  goto 50
	not_expr  goto 51
	comp_expr  goto 52
	location  goto 53
	method  goto 54
	add_expr  goto 55
	term  goto 56
	factor  goto 57
	incdec  goto 58


state 208
	block : '{' stmts '}' .  (86)

	.  reduce 86


state 209
	stmt : singlestmt IF expr . separator  (71)
	expr : expr . OR logAnd_expr  (96)

	OR  shift 75
	';'  shift 98
	.  error

	separator  goto 224


state 210
	stmt : singlestmt UNLESS expr . separator  (72)
	expr : expr . OR logAnd_expr  (96)

	OR  shift 75
	';'  shift 98
	.  error

	separator  goto 225


state 211
	stmt : expr TIMES $$13 . stmt  (76)

	FALSE  shift 37
	TRUE  shift 38
	RETURN  shift 160
	IF  shift 161
	WHILE  shift 162
	BREAK  shift 163
	READ  shift 164
	PRINTLN  shift 165
	NOT  shift 39
	SELF  shift 40
	DEC_CONST  shift 41
	LITERAL  shift 42
	REAL_DEC_CONST  shift 43
	'('  shift 44
	'{'  shift 166
	'-'  shift 45
	';'  shift 98
	ID  shift 46
	INC  shift 47
	DEC  shift 48
	.  error

	stmt  goto 226
	block  goto 169
	singlestmt  goto 170
	separator  goto 171
	expr  goto 172
	logAnd_expr  goto 50
	not_expr  goto 51
	comp_expr  goto 52
	addassign  goto 173
	subassign  goto 174
	assign  goto 175
	location  goto 176
	method  goto 54
	listedassign  goto 177
	add_expr  goto 55
	term  goto 56
	factor  goto 57
	incdec  goto 58


state 212
	assign : location '=' expr .  (89)
	expr : expr . OR logAnd_expr  (96)

	OR  shift 75
	IF  reduce 89
	UNLESS  reduce 89
	';'  reduce 89


state 213
	assign : location '=' assign .  (90)

	.  reduce 90


state 214
	assign : location . '=' expr  (89)
	assign : location . '=' assign  (90)
	factor : location .  (122)
	incdec : location . INC  (133)
	incdec : location . DEC  (135)

	'='  shift 195
	INC  shift 78
	DEC  shift 79
	IF  reduce 122
	UNLESS  reduce 122
	AND  reduce 122
	OR  reduce 122
	'*'  reduce 122
	'/'  reduce 122
	'+'  reduce 122
	'-'  reduce 122
	';'  reduce 122
	IDIV  reduce 122
	GE  reduce 122
	'>'  reduce 122
	LE  reduce 122
	'<'  reduce 122
	NE  reduce 122
	EQ  reduce 122
	'%'  reduce 122


state 215
	nestedassign : location . ',' nestedassign ',' expr  (92)
	nestedassign : location . '=' expr  (93)

	'='  shift 227
	','  shift 228
	.  error


state 216
	listedassign : location ',' nestedassign . ',' expr  (91)

	','  shift 229
	.  error


state 217
	addassign : location ADDASSIGN expr .  (87)
	expr : expr . OR logAnd_expr  (96)

	OR  shift 75
	IF  reduce 87
	UNLESS  reduce 87
	';'  reduce 87


state 218
	subassign : location SUBASSIGN expr .  (88)
	expr : expr . OR logAnd_expr  (96)

	OR  shift 75
	IF  reduce 88
	UNLESS  reduce 88
	';'  reduce 88


state 219
	meth : modifier ID $$2 '(' params ')' RIGHTARROW type $$3 . body  (24)

	'{'  shift 137
	.  error

	body  goto 230


state 220
	stmt : IF code '(' expr . ')' stmt  (68)
	stmt : IF code '(' expr . ')' stmt ELSE $$11 stmt  (70)
	expr : expr . OR logAnd_expr  (96)

	OR  shift 75
	')'  shift 231
	.  error


state 221
	stmt : WHILE $$12 '(' expr . ')' stmt  (74)
	expr : expr . OR logAnd_expr  (96)

	OR  shift 75
	')'  shift 232
	.  error


state 222
	singlestmt : READ expr ',' location .  (60)
	stmt : READ expr ',' location . separator  (80)

	';'  shift 98
	IF  reduce 60
	UNLESS  reduce 60

	separator  goto 233


state 223
	inline : expr ',' inline .  (84)

	.  reduce 84


state 224
	stmt : singlestmt IF expr separator .  (71)

	.  reduce 71


state 225
	stmt : singlestmt UNLESS expr separator .  (72)

	.  reduce 72


state 226
	stmt : expr TIMES $$13 stmt .  (76)

	.  reduce 76


state 227
	nestedassign : location '=' . expr  (93)

	FALSE  shift 37
	TRUE  shift 38
	NOT  shift 39
	SELF  shift 40
	DEC_CONST  shift 41
	LITERAL  shift 42
	REAL_DEC_CONST  shift 43
	'('  shift 44
	'-'  shift 45
	ID  shift 46
	INC  shift 47
	DEC  shift 48
	.  error

	expr  goto 234
	logAnd_expr  goto 50
	not_expr  goto 51
	comp_expr  goto 52
	location  goto 53
	method  goto 54
	add_expr  goto 55
	term  goto 56
	factor  goto 57
	incdec  goto 58


state 228
	nestedassign : location ',' . nestedassign ',' expr  (92)

	ID  shift 72
	.  error

	location  goto 215
	nestedassign  goto 235


state 229
	listedassign : location ',' nestedassign ',' . expr  (91)

	FALSE  shift 37
	TRUE  shift 38
	NOT  shift 39
	SELF  shift 40
	DEC_CONST  shift 41
	LITERAL  shift 42
	REAL_DEC_CONST  shift 43
	'('  shift 44
	'-'  shift 45
	ID  shift 46
	INC  shift 47
	DEC  shift 48
	.  error

	expr  goto 236
	logAnd_expr  goto 50
	not_expr  goto 51
	comp_expr  goto 52
	location  goto 53
	method  goto 54
	add_expr  goto 55
	term  goto 56
	factor  goto 57
	incdec  goto 58


state 230
	meth : modifier ID $$2 '(' params ')' RIGHTARROW type $$3 body .  (24)

	.  reduce 24


state 231
	stmt : IF code '(' expr ')' . stmt  (68)
	stmt : IF code '(' expr ')' . stmt ELSE $$11 stmt  (70)

	FALSE  shift 37
	TRUE  shift 38
	RETURN  shift 160
	IF  shift 161
	WHILE  shift 162
	BREAK  shift 163
	READ  shift 164
	PRINTLN  shift 165
	NOT  shift 39
	SELF  shift 40
	DEC_CONST  shift 41
	LITERAL  shift 42
	REAL_DEC_CONST  shift 43
	'('  shift 44
	'{'  shift 166
	'-'  shift 45
	';'  shift 98
	ID  shift 46
	INC  shift 47
	DEC  shift 48
	.  error

	stmt  goto 237
	block  goto 169
	singlestmt  goto 170
	separator  goto 171
	expr  goto 172
	logAnd_expr  goto 50
	not_expr  goto 51
	comp_expr  goto 52
	addassign  goto 173
	subassign  goto 174
	assign  goto 175
	location  goto 176
	method  goto 54
	listedassign  goto 177
	add_expr  goto 55
	term  goto 56
	factor  goto 57
	incdec  goto 58


state 232
	stmt : WHILE $$12 '(' expr ')' . stmt  (74)

	FALSE  shift 37
	TRUE  shift 38
	RETURN  shift 160
	IF  shift 161
	WHILE  shift 162
	BREAK  shift 163
	READ  shift 164
	PRINTLN  shift 165
	NOT  shift 39
	SELF  shift 40
	DEC_CONST  shift 41
	LITERAL  shift 42
	REAL_DEC_CONST  shift 43
	'('  shift 44
	'{'  shift 166
	'-'  shift 45
	';'  shift 98
	ID  shift 46
	INC  shift 47
	DEC  shift 48
	.  error

	stmt  goto 238
	block  goto 169
	singlestmt  goto 170
	separator  goto 171
	expr  goto 172
	logAnd_expr  goto 50
	not_expr  goto 51
	comp_expr  goto 52
	addassign  goto 173
	subassign  goto 174
	assign  goto 175
	location  goto 176
	method  goto 54
	listedassign  goto 177
	add_expr  goto 55
	term  goto 56
	factor  goto 57
	incdec  goto 58


state 233
	stmt : READ expr ',' location separator .  (80)

	.  reduce 80


state 234
	nestedassign : location '=' expr .  (93)
	expr : expr . OR logAnd_expr  (96)

	OR  shift 75
	','  reduce 93


state 235
	nestedassign : location ',' nestedassign . ',' expr  (92)

	','  shift 239
	.  error


state 236
	listedassign : location ',' nestedassign ',' expr .  (91)
	expr : expr . OR logAnd_expr  (96)

	OR  shift 75
	IF  reduce 91
	UNLESS  reduce 91
	';'  reduce 91


state 237
	stmt : IF code '(' expr ')' stmt .  (68)
	stmt : IF code '(' expr ')' stmt . ELSE $$11 stmt  (70)

	ELSE  shift 240
	FALSE  reduce 68
	TRUE  reduce 68
	RETURN  reduce 68
	IF  reduce 68
	WHILE  reduce 68
	BREAK  reduce 68
	READ  reduce 68
	PRINTLN  reduce 68
	NOT  reduce 68
	SELF  reduce 68
	DEC_CONST  reduce 68
	LITERAL  reduce 68
	REAL_DEC_CONST  reduce 68
	'('  reduce 68
	'{'  reduce 68
	'}'  reduce 68
	'-'  reduce 68
	';'  reduce 68
	ID  reduce 68
	INC  reduce 68
	DEC  reduce 68


state 238
	stmt : WHILE $$12 '(' expr ')' stmt .  (74)

	.  reduce 74


state 239
	nestedassign : location ',' nestedassign ',' . expr  (92)

	FALSE  shift 37
	TRUE  shift 38
	NOT  shift 39
	SELF  shift 40
	DEC_CONST  shift 41
	LITERAL  shift 42
	REAL_DEC_CONST  shift 43
	'('  shift 44
	'-'  shift 45
	ID  shift 46
	INC  shift 47
	DEC  shift 48
	.  error

	expr  goto 241
	logAnd_expr  goto 50
	not_expr  goto 51
	comp_expr  goto 52
	location  goto 53
	method  goto 54
	add_expr  goto 55
	term  goto 56
	factor  goto 57
	incdec  goto 58


state 240
	stmt : IF code '(' expr ')' stmt ELSE . $$11 stmt  (70)
	$$11 : .  (69)

	.  reduce 69

	$$11  goto 242


state 241
	nestedassign : location ',' nestedassign ',' expr .  (92)
	expr : expr . OR logAnd_expr  (96)

	OR  shift 75
	','  reduce 92


state 242
	stmt : IF code '(' expr ')' stmt ELSE $$11 . stmt  (70)

	FALSE  shift 37
	TRUE  shift 38
	RETURN  shift 160
	IF  shift 161
	WHILE  shift 162
	BREAK  shift 163
	READ  shift 164
	PRINTLN  shift 165
	NOT  shift 39
	SELF  shift 40
	DEC_CONST  shift 41
	LITERAL  shift 42
	REAL_DEC_CONST  shift 43
	'('  shift 44
	'{'  shift 166
	'-'  shift 45
	';'  shift 98
	ID  shift 46
	INC  shift 47
	DEC  shift 48
	.  error

	stmt  goto 243
	block  goto 169
	singlestmt  goto 170
	separator  goto 171
	expr  goto 172
	logAnd_expr  goto 50
	not_expr  goto 51
	comp_expr  goto 52
	addassign  goto 173
	subassign  goto 174
	assign  goto 175
	location  goto 176
	method  goto 54
	listedassign  goto 177
	add_expr  goto 55
	term  goto 56
	factor  goto 57
	incdec  goto 58


state 243
	stmt : IF code '(' expr ')' stmt ELSE $$11 stmt .  (70)

	.  reduce 70


65 terminals, 61 nonterminals
141 grammar rules, 244 states
